hwthread assignments for MPI rank 0: 
1111111100000000000000000000000000000000000000000000000000000000
HPM library is counting hpm group 0 using 4 threads per core.
Partition 3D: [64:32:32]
Threads per process: 8
Allocated heap: 97.87 MB, avail. heap: 1854.11 MB
Allocated stack: 0.02 MB, avail. stack: 1854.11 MB
Memory: shared: 32.00 MB, persist: 0.00 MB, guard: 0.00 MB, mmap: 95.87 MB
Done loading parameters.
Initializing redistribution using a pencil layout on 65536 ranks.
distribution 1D: [65536:1:1]
distribution 3D: [64:32:32]
distribution 2z: [256:256:1]
distribution 2x: [1:256:256]
distribution 2y: [256:1:256]

Initializer will use 65536 processors.
6656^3 grid
Decomposing into pencils...............done
Using white noise initializer

sigma_8 = 0.800000, target was 0.800000
redshift: 50.000000; growth factor = 0.025580; derivative = 4.929764


FFT DONE!

Min and max value of density in k space: -451.959 492.805
Average value of density in k space: -5.37999e-06

FFT DONE!

Max value of the imaginary part of density is 5.32102e-09
Min and max value of density in code units: -24.0475 24.5299
Average value of density in code units: -1.28057e-09

FFT DONE!

FFT DONE!

Max value of the imaginary part of the force is 8904.55
Min and max value of force in code units: -51.5199 51.4887
Average value of force in code units: -1.63913e-06
Max move in X: 1.31785
Average move in X: 0.167507

FFT DONE!

FFT DONE!

Max value of the imaginary part of the force is 9252.28
Min and max value of force in code units: -51.9682 52.6157
Average value of force in code units: 1.44447e-06
Max move in Y: 1.34588
Average move in Y: 0.167717

FFT DONE!

FFT DONE!

Max value of the imaginary part of the force is 8861.83
Min and max value of force in code units: -49.3489 50.104
Average value of force in code units: 1.91994e-09
Max move in Z: 1.28163
Average move in Z: 0.167726


====================================================================
Initializer: code performance summary 
             code beginning : Thu Jun 13 04:24:25 2013
             code ending    : Thu Jun 13 04:25:48 2013
             total run time : 88.84 seconds 
====================================================================

Routine            # of calls       Time [s]       Percent of total 
--------------------------------------------------------------------
Initialization       1              3.39               3.816    
Creating Pk(x,y,z)   1              2.89               3.253    
Tests                7              26.36              29.67    
Creating rho(x,y,z)  3              23.57              26.53    
Poisson solve        3              34.02              38.29    
Particle move        3              1.19               1.339    
Output               3              0.3                0.3377   
====================================================================

PXCH buffer = 2*1689826 = 3.223087 MB
InitialExchange TotalAliveParticles 294876348416

------------------------------------
boxSize:  4800
deltaBox: 8.65385
PXCH buffer = 2*22588024 = 43.083237 MB
TotalAliveParticles 294876348416
TotalDeadParticles  156639550037


Allocated heap: 540.12 MB, avail. heap: 1411.86 MB
Allocated stack: 0.02 MB, avail. stack: 1411.86 MB
Memory: shared: 32.00 MB, persist: 0.00 MB, guard: 0.00 MB, mmap: 398.32 MB
Initializing redistribution using a pencil layout on 65536 ranks.
distribution 1D: [65536:1:1]
distribution 3D: [64:32:32]
distribution 2z: [256:256:1]
distribution 2x: [1:256:256]
distribution 2y: [256:1:256]
P(k) initial


Allocated heap: 746.10 MB, avail. heap: 1205.88 MB
Allocated stack: 0.02 MB, avail. stack: 1205.88 MB
Memory: shared: 32.00 MB, persist: 0.00 MB, guard: 0.00 MB, mmap: 685.52 MB
STEP 0, pp = 0.019608, a = 0.019608, z = 50.000003
	tree post-build statistics (local for rank 0):
		particles: 6877428.00
		nodes: 32767.00 (allocated:  53729.00)
		leaves: 16384.00 (empty: 0.00)
		mean ppn: 419.76 (max ppn: 509)
		build time: 6.25248 s
	tree post-build statistics (local for rank 0):
		particles: 6877428.00
		nodes: 32767.00 (allocated:  53729.00)
		leaves: 16384.00 (empty: 0.00)
		mean ppn: 419.76 (max ppn: 508)
		build time: 6.23729 s
	tree post-build statistics (local for rank 0):
		particles: 6877428.00
		nodes: 32767.00 (allocated:  53729.00)
		leaves: 16384.00 (empty: 0.00)
		mean ppn: 419.76 (max ppn: 511)
		build time: 6.23491 s
	tree post-build statistics (local for rank 0):
		particles: 6877428.00
		nodes: 32767.00 (allocated:  53729.00)
		leaves: 16384.00 (empty: 0.00)
		mean ppn: 419.76 (max ppn: 505)
		build time: 6.22888 s
	tree post-build statistics (local for rank 0):
		particles: 6877428.00
		nodes: 32769.00 (allocated:  53729.00)
		leaves: 16385.00 (empty: 0.00)
		mean ppn: 419.74 (max ppn: 507)
		build time: 6.21979 s
Initializing redistribution using a pencil layout on 65536 ranks.
distribution 1D: [65536:1:1]
distribution 3D: [64:32:32]
distribution 2z: [256:256:1]
distribution 2x: [1:256:256]
distribution 2y: [256:1:256]
total alive density   = 294876355509.371643
total alive particles = 294876323769
step   max  1.121e+03 s  avg  1.120e+03 s  min  1.120e+03 s

Allocated heap: 827.62 MB, avail. heap: 1124.36 MB
Allocated stack: 0.02 MB, avail. stack: 1124.36 MB
Memory: shared: 32.00 MB, persist: 0.00 MB, guard: 0.00 MB, mmap: 728.15 MB
STEP 1, pp = 0.028945, a = 0.028945, z = 33.548389
	tree post-build statistics (local for rank 0):
		particles: 6877428.00
		nodes: 32767.00 (allocated:  53729.00)
		leaves: 16384.00 (empty: 0.00)
		mean ppn: 419.76 (max ppn: 511)
		build time: 6.25488 s
	tree post-build statistics (local for rank 0):
		particles: 6877428.00
		nodes: 32767.00 (allocated:  53729.00)
		leaves: 16384.00 (empty: 0.00)
		mean ppn: 419.76 (max ppn: 509)
		build time: 6.27926 s
	tree post-build statistics (local for rank 0):
		particles: 6877422.00
		nodes: 32771.00 (allocated:  53729.00)
		leaves: 16386.00 (empty: 0.00)
		mean ppn: 419.71 (max ppn: 510)
		build time: 6.30572 s
	tree post-build statistics (local for rank 0):
		particles: 6877378.00
		nodes: 32771.00 (allocated:  53729.00)
		leaves: 16386.00 (empty: 0.00)
		mean ppn: 419.71 (max ppn: 504)
		build time: 6.30148 s
	tree post-build statistics (local for rank 0):
		particles: 6877308.00
		nodes: 32769.00 (allocated:  53729.00)
		leaves: 16385.00 (empty: 0.00)
		mean ppn: 419.73 (max ppn: 512)
		build time: 6.2882 s
Initializing redistribution using a pencil layout on 65536 ranks.
distribution 1D: [65536:1:1]
distribution 3D: [64:32:32]
distribution 2z: [256:256:1]
distribution 2x: [1:256:256]
distribution 2y: [256:1:256]
total alive density   = 294876355505.445129
total alive particles = 294876326408
step   max  1.083e+03 s  avg  1.083e+03 s  min  1.083e+03 s

Allocated heap: 827.62 MB, avail. heap: 1124.36 MB
Allocated stack: 0.02 MB, avail. stack: 1124.36 MB
Memory: shared: 32.00 MB, persist: 0.00 MB, guard: 0.00 MB, mmap: 728.15 MB
STEP 2, pp = 0.038282, a = 0.038282, z = 25.121953
	tree post-build statistics (local for rank 0):
		particles: 6877167.00
		nodes: 32769.00 (allocated:  53725.00)
		leaves: 16385.00 (empty: 0.00)
		mean ppn: 419.72 (max ppn: 510)
		build time: 6.27965 s
	tree post-build statistics (local for rank 0):
		particles: 6877018.00
		nodes: 32771.00 (allocated:  53725.00)
		leaves: 16386.00 (empty: 0.00)
		mean ppn: 419.69 (max ppn: 506)
		build time: 6.32899 s
	tree post-build statistics (local for rank 0):
		particles: 6876828.00
		nodes: 32771.00 (allocated:  53725.00)
		leaves: 16386.00 (empty: 0.00)
		mean ppn: 419.68 (max ppn: 510)
		build time: 6.31724 s
	tree post-build statistics (local for rank 0):
		particles: 6876630.00
		nodes: 32775.00 (allocated:  53721.00)
		leaves: 16388.00 (empty: 0.00)
		mean ppn: 419.61 (max ppn: 512)
		build time: 6.31554 s
	tree post-build statistics (local for rank 0):
		particles: 6876382.00
		nodes: 32769.00 (allocated:  53721.00)
		leaves: 16385.00 (empty: 0.00)
		mean ppn: 419.68 (max ppn: 512)
		build time: 6.28292 s
Initializing redistribution using a pencil layout on 65536 ranks.
distribution 1D: [65536:1:1]
distribution 3D: [64:32:32]
distribution 2z: [256:256:1]
distribution 2x: [1:256:256]
distribution 2y: [256:1:256]
total alive density   = 294876355500.581055
total alive particles = 294876327204
step   max  1.084e+03 s  avg  1.083e+03 s  min  1.083e+03 s

P(k) final

ACCUMULATED STATS
step   max  3.288e+03 s  avg  3.287e+03 s  min  3.286e+03 s
vprof: collected 340944 hits at 4750 program-counter locations
